[0.101s] [34mcolcon[0m [1;30mDEBUG[0m [32mCommand line arguments: ['/usr/bin/colcon', 'build'][0m
[0.101s] [34mcolcon[0m [1;30mDEBUG[0m [32mParsed command line arguments: Namespace(log_base=None, log_level=None, verb_name='build', build_base='build', install_base='install', merge_install=False, symlink_install=False, test_result_base=None, continue_on_error=False, executor='parallel', parallel_workers=16, event_handlers=None, ignore_user_meta=False, metas=['./colcon.meta'], base_paths=['.'], packages_ignore=None, packages_ignore_regex=None, paths=None, packages_up_to=None, packages_up_to_regex=None, packages_above=None, packages_above_and_dependencies=None, packages_above_depth=None, packages_select_by_dep=None, packages_skip_by_dep=None, packages_skip_up_to=None, packages_select_build_failed=False, packages_skip_build_finished=False, packages_select_test_failures=False, packages_skip_test_passed=False, packages_select=None, packages_skip=None, packages_select_regex=None, packages_skip_regex=None, packages_start=None, packages_end=None, allow_overriding=[], cmake_args=None, cmake_target=None, cmake_target_skip_unavailable=False, cmake_clean_cache=False, cmake_clean_first=False, cmake_force_configure=False, ament_cmake_args=None, catkin_cmake_args=None, catkin_skip_building_tests=False, mixin_files=None, mixin=None, verb_parser=<colcon_mixin.mixin.mixin_argument.MixinArgumentDecorator object at 0x7fb9549950c0>, verb_extension=<colcon_core.verb.build.BuildVerb object at 0x7fb954997280>, main=<bound method BuildVerb.main of <colcon_core.verb.build.BuildVerb object at 0x7fb954997280>>, mixin_verb=('build',))[0m
[0.311s] [34mcolcon.colcon_core.package_discovery[0m [1;30mLevel 1[0m discover_packages(colcon_meta) check parameters
[0.311s] [34mcolcon.colcon_core.package_discovery[0m [1;30mLevel 1[0m discover_packages(recursive) check parameters
[0.311s] [34mcolcon.colcon_core.package_discovery[0m [1;30mLevel 1[0m discover_packages(ignore) check parameters
[0.311s] [34mcolcon.colcon_core.package_discovery[0m [1;30mLevel 1[0m discover_packages(path) check parameters
[0.311s] [34mcolcon.colcon_core.package_discovery[0m [1;30mLevel 1[0m discover_packages(colcon_meta) discover
[0.311s] [34mcolcon.colcon_core.package_discovery[0m [1;30mLevel 1[0m discover_packages(recursive) discover
[0.311s] [34mcolcon.colcon_core.package_discovery[0m [1;30mINFO[0m Crawling recursively for packages in '/home/yildiz/Desktop/forgit/itusct_autonomous/itusct_autonomous_weekly7/weekly7_ws'
[0.311s] [34mcolcon.colcon_core.package_identification[0m [1;30mLevel 1[0m _identify(.) by extensions ['ignore', 'ignore_ament_install']
[0.312s] [34mcolcon.colcon_core.package_identification[0m [1;30mLevel 1[0m _identify(.) by extension 'ignore'
[0.312s] [34mcolcon.colcon_core.package_identification[0m [1;30mLevel 1[0m _identify(.) by extension 'ignore_ament_install'
[0.312s] [34mcolcon.colcon_core.package_identification[0m [1;30mLevel 1[0m _identify(.) by extensions ['colcon_pkg']
[0.312s] [34mcolcon.colcon_core.package_identification[0m [1;30mLevel 1[0m _identify(.) by extension 'colcon_pkg'
[0.312s] [34mcolcon.colcon_core.package_identification[0m [1;30mLevel 1[0m _identify(.) by extensions ['colcon_meta']
[0.312s] [34mcolcon.colcon_core.package_identification[0m [1;30mLevel 1[0m _identify(.) by extension 'colcon_meta'
[0.312s] [34mcolcon.colcon_core.package_identification[0m [1;30mLevel 1[0m _identify(.) by extensions ['ros']
[0.312s] [34mcolcon.colcon_core.package_identification[0m [1;30mLevel 1[0m _identify(.) by extension 'ros'
[0.319s] [34mcolcon.colcon_core.package_identification[0m [1;30mLevel 1[0m _identify(.) by extensions ['cmake', 'python']
[0.319s] [34mcolcon.colcon_core.package_identification[0m [1;30mLevel 1[0m _identify(.) by extension 'cmake'
[0.319s] [34mcolcon.colcon_core.package_identification[0m [1;30mLevel 1[0m _identify(.) by extension 'python'
[0.319s] [34mcolcon.colcon_core.package_identification[0m [1;30mLevel 1[0m _identify(.) by extensions ['python_setup_py']
[0.319s] [34mcolcon.colcon_core.package_identification[0m [1;30mLevel 1[0m _identify(.) by extension 'python_setup_py'
[0.319s] [34mcolcon.colcon_core.package_identification[0m [1;30mLevel 1[0m _identify(build) by extensions ['ignore', 'ignore_ament_install']
[0.320s] [34mcolcon.colcon_core.package_identification[0m [1;30mLevel 1[0m _identify(build) by extension 'ignore'
[0.320s] [34mcolcon.colcon_core.package_identification[0m [1;30mLevel 1[0m _identify(build) ignored
[0.320s] [34mcolcon.colcon_core.package_identification[0m [1;30mLevel 1[0m _identify(install) by extensions ['ignore', 'ignore_ament_install']
[0.320s] [34mcolcon.colcon_core.package_identification[0m [1;30mLevel 1[0m _identify(install) by extension 'ignore'
[0.320s] [34mcolcon.colcon_core.package_identification[0m [1;30mLevel 1[0m _identify(install) ignored
[0.320s] [34mcolcon.colcon_core.package_identification[0m [1;30mLevel 1[0m _identify(log) by extensions ['ignore', 'ignore_ament_install']
[0.320s] [34mcolcon.colcon_core.package_identification[0m [1;30mLevel 1[0m _identify(log) by extension 'ignore'
[0.320s] [34mcolcon.colcon_core.package_identification[0m [1;30mLevel 1[0m _identify(log) ignored
[0.320s] [34mcolcon.colcon_core.package_identification[0m [1;30mLevel 1[0m _identify(src) by extensions ['ignore', 'ignore_ament_install']
[0.320s] [34mcolcon.colcon_core.package_identification[0m [1;30mLevel 1[0m _identify(src) by extension 'ignore'
[0.320s] [34mcolcon.colcon_core.package_identification[0m [1;30mLevel 1[0m _identify(src) by extension 'ignore_ament_install'
[0.320s] [34mcolcon.colcon_core.package_identification[0m [1;30mLevel 1[0m _identify(src) by extensions ['colcon_pkg']
[0.320s] [34mcolcon.colcon_core.package_identification[0m [1;30mLevel 1[0m _identify(src) by extension 'colcon_pkg'
[0.320s] [34mcolcon.colcon_core.package_identification[0m [1;30mLevel 1[0m _identify(src) by extensions ['colcon_meta']
[0.320s] [34mcolcon.colcon_core.package_identification[0m [1;30mLevel 1[0m _identify(src) by extension 'colcon_meta'
[0.320s] [34mcolcon.colcon_core.package_identification[0m [1;30mLevel 1[0m _identify(src) by extensions ['ros']
[0.320s] [34mcolcon.colcon_core.package_identification[0m [1;30mLevel 1[0m _identify(src) by extension 'ros'
[0.320s] [34mcolcon.colcon_core.package_identification[0m [1;30mLevel 1[0m _identify(src) by extensions ['cmake', 'python']
[0.320s] [34mcolcon.colcon_core.package_identification[0m [1;30mLevel 1[0m _identify(src) by extension 'cmake'
[0.320s] [34mcolcon.colcon_core.package_identification[0m [1;30mLevel 1[0m _identify(src) by extension 'python'
[0.320s] [34mcolcon.colcon_core.package_identification[0m [1;30mLevel 1[0m _identify(src) by extensions ['python_setup_py']
[0.320s] [34mcolcon.colcon_core.package_identification[0m [1;30mLevel 1[0m _identify(src) by extension 'python_setup_py'
[0.321s] [34mcolcon.colcon_core.package_identification[0m [1;30mLevel 1[0m _identify(src/sct_img_filter) by extensions ['ignore', 'ignore_ament_install']
[0.321s] [34mcolcon.colcon_core.package_identification[0m [1;30mLevel 1[0m _identify(src/sct_img_filter) by extension 'ignore'
[0.321s] [34mcolcon.colcon_core.package_identification[0m [1;30mLevel 1[0m _identify(src/sct_img_filter) by extension 'ignore_ament_install'
[0.321s] [34mcolcon.colcon_core.package_identification[0m [1;30mLevel 1[0m _identify(src/sct_img_filter) by extensions ['colcon_pkg']
[0.321s] [34mcolcon.colcon_core.package_identification[0m [1;30mLevel 1[0m _identify(src/sct_img_filter) by extension 'colcon_pkg'
[0.321s] [34mcolcon.colcon_core.package_identification[0m [1;30mLevel 1[0m _identify(src/sct_img_filter) by extensions ['colcon_meta']
[0.321s] [34mcolcon.colcon_core.package_identification[0m [1;30mLevel 1[0m _identify(src/sct_img_filter) by extension 'colcon_meta'
[0.321s] [34mcolcon.colcon_core.package_identification[0m [1;30mLevel 1[0m _identify(src/sct_img_filter) by extensions ['ros']
[0.321s] [34mcolcon.colcon_core.package_identification[0m [1;30mLevel 1[0m _identify(src/sct_img_filter) by extension 'ros'
[0.322s] [34mcolcon.colcon_core.package_identification[0m [1;30mDEBUG[0m [32mPackage 'src/sct_img_filter' with type 'ros.ament_cmake' and name 'sct_img_filter'[0m
[0.322s] [34mcolcon.colcon_core.package_identification[0m [1;30mLevel 1[0m _identify(src/sct_turtlesim_joy_controller) by extensions ['ignore', 'ignore_ament_install']
[0.322s] [34mcolcon.colcon_core.package_identification[0m [1;30mLevel 1[0m _identify(src/sct_turtlesim_joy_controller) by extension 'ignore'
[0.323s] [34mcolcon.colcon_core.package_identification[0m [1;30mLevel 1[0m _identify(src/sct_turtlesim_joy_controller) by extension 'ignore_ament_install'
[0.323s] [34mcolcon.colcon_core.package_identification[0m [1;30mLevel 1[0m _identify(src/sct_turtlesim_joy_controller) by extensions ['colcon_pkg']
[0.323s] [34mcolcon.colcon_core.package_identification[0m [1;30mLevel 1[0m _identify(src/sct_turtlesim_joy_controller) by extension 'colcon_pkg'
[0.323s] [34mcolcon.colcon_core.package_identification[0m [1;30mLevel 1[0m _identify(src/sct_turtlesim_joy_controller) by extensions ['colcon_meta']
[0.323s] [34mcolcon.colcon_core.package_identification[0m [1;30mLevel 1[0m _identify(src/sct_turtlesim_joy_controller) by extension 'colcon_meta'
[0.323s] [34mcolcon.colcon_core.package_identification[0m [1;30mLevel 1[0m _identify(src/sct_turtlesim_joy_controller) by extensions ['ros']
[0.323s] [34mcolcon.colcon_core.package_identification[0m [1;30mLevel 1[0m _identify(src/sct_turtlesim_joy_controller) by extension 'ros'
[0.323s] [34mcolcon.colcon_core.package_identification[0m [1;30mDEBUG[0m [32mPackage 'src/sct_turtlesim_joy_controller' with type 'ros.ament_cmake' and name 'sct_turtlesim_joy_controller'[0m
[0.323s] [34mcolcon.colcon_core.package_discovery[0m [1;30mLevel 1[0m discover_packages(recursive) using defaults
[0.323s] [34mcolcon.colcon_core.package_discovery[0m [1;30mLevel 1[0m discover_packages(ignore) discover
[0.323s] [34mcolcon.colcon_core.package_discovery[0m [1;30mLevel 1[0m discover_packages(ignore) using defaults
[0.323s] [34mcolcon.colcon_core.package_discovery[0m [1;30mLevel 1[0m discover_packages(path) discover
[0.323s] [34mcolcon.colcon_core.package_discovery[0m [1;30mLevel 1[0m discover_packages(path) using defaults
[0.334s] [34mcolcon.colcon_core.package_discovery[0m [1;30mLevel 1[0m discover_packages(prefix_path) check parameters
[0.334s] [34mcolcon.colcon_core.package_discovery[0m [1;30mLevel 1[0m discover_packages(prefix_path) discover
[0.337s] [34mcolcon.colcon_installed_package_information.package_discovery[0m [1;30mDEBUG[0m [32mFound 346 installed packages in /opt/ros/humble[0m
[0.338s] [34mcolcon.colcon_core.package_discovery[0m [1;30mLevel 1[0m discover_packages(prefix_path) using defaults
[0.367s] [34mcolcon.colcon_core.verb[0m [1;30mLevel 5[0m set package 'sct_img_filter' build argument 'cmake_args' from command line to 'None'
[0.367s] [34mcolcon.colcon_core.verb[0m [1;30mLevel 5[0m set package 'sct_img_filter' build argument 'cmake_target' from command line to 'None'
[0.367s] [34mcolcon.colcon_core.verb[0m [1;30mLevel 5[0m set package 'sct_img_filter' build argument 'cmake_target_skip_unavailable' from command line to 'False'
[0.367s] [34mcolcon.colcon_core.verb[0m [1;30mLevel 5[0m set package 'sct_img_filter' build argument 'cmake_clean_cache' from command line to 'False'
[0.367s] [34mcolcon.colcon_core.verb[0m [1;30mLevel 5[0m set package 'sct_img_filter' build argument 'cmake_clean_first' from command line to 'False'
[0.367s] [34mcolcon.colcon_core.verb[0m [1;30mLevel 5[0m set package 'sct_img_filter' build argument 'cmake_force_configure' from command line to 'False'
[0.367s] [34mcolcon.colcon_core.verb[0m [1;30mLevel 5[0m set package 'sct_img_filter' build argument 'ament_cmake_args' from command line to 'None'
[0.367s] [34mcolcon.colcon_core.verb[0m [1;30mLevel 5[0m set package 'sct_img_filter' build argument 'catkin_cmake_args' from command line to 'None'
[0.367s] [34mcolcon.colcon_core.verb[0m [1;30mLevel 5[0m set package 'sct_img_filter' build argument 'catkin_skip_building_tests' from command line to 'False'
[0.367s] [34mcolcon.colcon_core.verb[0m [1;30mDEBUG[0m [32mBuilding package 'sct_img_filter' with the following arguments: {'ament_cmake_args': None, 'build_base': '/home/yildiz/Desktop/forgit/itusct_autonomous/itusct_autonomous_weekly7/weekly7_ws/build/sct_img_filter', 'catkin_cmake_args': None, 'catkin_skip_building_tests': False, 'cmake_args': None, 'cmake_clean_cache': False, 'cmake_clean_first': False, 'cmake_force_configure': False, 'cmake_target': None, 'cmake_target_skip_unavailable': False, 'install_base': '/home/yildiz/Desktop/forgit/itusct_autonomous/itusct_autonomous_weekly7/weekly7_ws/install/sct_img_filter', 'merge_install': False, 'path': '/home/yildiz/Desktop/forgit/itusct_autonomous/itusct_autonomous_weekly7/weekly7_ws/src/sct_img_filter', 'symlink_install': False, 'test_result_base': None}[0m
[0.368s] [34mcolcon.colcon_core.verb[0m [1;30mLevel 5[0m set package 'sct_turtlesim_joy_controller' build argument 'cmake_args' from command line to 'None'
[0.368s] [34mcolcon.colcon_core.verb[0m [1;30mLevel 5[0m set package 'sct_turtlesim_joy_controller' build argument 'cmake_target' from command line to 'None'
[0.368s] [34mcolcon.colcon_core.verb[0m [1;30mLevel 5[0m set package 'sct_turtlesim_joy_controller' build argument 'cmake_target_skip_unavailable' from command line to 'False'
[0.368s] [34mcolcon.colcon_core.verb[0m [1;30mLevel 5[0m set package 'sct_turtlesim_joy_controller' build argument 'cmake_clean_cache' from command line to 'False'
[0.368s] [34mcolcon.colcon_core.verb[0m [1;30mLevel 5[0m set package 'sct_turtlesim_joy_controller' build argument 'cmake_clean_first' from command line to 'False'
[0.368s] [34mcolcon.colcon_core.verb[0m [1;30mLevel 5[0m set package 'sct_turtlesim_joy_controller' build argument 'cmake_force_configure' from command line to 'False'
[0.368s] [34mcolcon.colcon_core.verb[0m [1;30mLevel 5[0m set package 'sct_turtlesim_joy_controller' build argument 'ament_cmake_args' from command line to 'None'
[0.368s] [34mcolcon.colcon_core.verb[0m [1;30mLevel 5[0m set package 'sct_turtlesim_joy_controller' build argument 'catkin_cmake_args' from command line to 'None'
[0.368s] [34mcolcon.colcon_core.verb[0m [1;30mLevel 5[0m set package 'sct_turtlesim_joy_controller' build argument 'catkin_skip_building_tests' from command line to 'False'
[0.368s] [34mcolcon.colcon_core.verb[0m [1;30mDEBUG[0m [32mBuilding package 'sct_turtlesim_joy_controller' with the following arguments: {'ament_cmake_args': None, 'build_base': '/home/yildiz/Desktop/forgit/itusct_autonomous/itusct_autonomous_weekly7/weekly7_ws/build/sct_turtlesim_joy_controller', 'catkin_cmake_args': None, 'catkin_skip_building_tests': False, 'cmake_args': None, 'cmake_clean_cache': False, 'cmake_clean_first': False, 'cmake_force_configure': False, 'cmake_target': None, 'cmake_target_skip_unavailable': False, 'install_base': '/home/yildiz/Desktop/forgit/itusct_autonomous/itusct_autonomous_weekly7/weekly7_ws/install/sct_turtlesim_joy_controller', 'merge_install': False, 'path': '/home/yildiz/Desktop/forgit/itusct_autonomous/itusct_autonomous_weekly7/weekly7_ws/src/sct_turtlesim_joy_controller', 'symlink_install': False, 'test_result_base': None}[0m
[0.368s] [34mcolcon.colcon_core.executor[0m [1;30mINFO[0m Executing jobs using 'parallel' executor
[0.369s] [34mcolcon.colcon_parallel_executor.executor.parallel[0m [1;30mDEBUG[0m [32mrun_until_complete[0m
[0.369s] [34mcolcon.colcon_ros.task.ament_cmake.build[0m [1;30mINFO[0m Building ROS package in '/home/yildiz/Desktop/forgit/itusct_autonomous/itusct_autonomous_weekly7/weekly7_ws/src/sct_img_filter' with build type 'ament_cmake'
[0.369s] [34mcolcon.colcon_cmake.task.cmake.build[0m [1;30mINFO[0m Building CMake package in '/home/yildiz/Desktop/forgit/itusct_autonomous/itusct_autonomous_weekly7/weekly7_ws/src/sct_img_filter'
[0.371s] [34mcolcon.colcon_core.plugin_system[0m [1;30mINFO[0m Skipping extension 'colcon_core.shell.bat': Not used on non-Windows systems
[0.371s] [34mcolcon.colcon_core.shell[0m [1;30mINFO[0m Skip shell extension 'powershell' for command environment: Not usable outside of PowerShell
[0.371s] [34mcolcon.colcon_core.shell[0m [1;30mDEBUG[0m [32mSkip shell extension 'dsv' for command environment[0m
[0.373s] [34mcolcon.colcon_ros.task.ament_cmake.build[0m [1;30mINFO[0m Building ROS package in '/home/yildiz/Desktop/forgit/itusct_autonomous/itusct_autonomous_weekly7/weekly7_ws/src/sct_turtlesim_joy_controller' with build type 'ament_cmake'
[0.373s] [34mcolcon.colcon_cmake.task.cmake.build[0m [1;30mINFO[0m Building CMake package in '/home/yildiz/Desktop/forgit/itusct_autonomous/itusct_autonomous_weekly7/weekly7_ws/src/sct_turtlesim_joy_controller'
[0.374s] [34mcolcon.colcon_core.shell[0m [1;30mINFO[0m Skip shell extension 'powershell' for command environment: Not usable outside of PowerShell
[0.374s] [34mcolcon.colcon_core.shell[0m [1;30mDEBUG[0m [32mSkip shell extension 'dsv' for command environment[0m
[0.379s] [34mcolcon.colcon_core.event_handler.log_command[0m [1;30mDEBUG[0m [32mInvoking command in '/home/yildiz/Desktop/forgit/itusct_autonomous/itusct_autonomous_weekly7/weekly7_ws/build/sct_img_filter': CMAKE_PREFIX_PATH=/opt/ros/humble /home/yildiz/.local/bin/cmake /home/yildiz/Desktop/forgit/itusct_autonomous/itusct_autonomous_weekly7/weekly7_ws/src/sct_img_filter -DCMAKE_INSTALL_PREFIX=/home/yildiz/Desktop/forgit/itusct_autonomous/itusct_autonomous_weekly7/weekly7_ws/install/sct_img_filter[0m
[0.380s] [34mcolcon.colcon_core.event_handler.log_command[0m [1;30mDEBUG[0m [32mInvoking command in '/home/yildiz/Desktop/forgit/itusct_autonomous/itusct_autonomous_weekly7/weekly7_ws/build/sct_turtlesim_joy_controller': CMAKE_PREFIX_PATH=/opt/ros/humble /home/yildiz/.local/bin/cmake /home/yildiz/Desktop/forgit/itusct_autonomous/itusct_autonomous_weekly7/weekly7_ws/src/sct_turtlesim_joy_controller -DCMAKE_INSTALL_PREFIX=/home/yildiz/Desktop/forgit/itusct_autonomous/itusct_autonomous_weekly7/weekly7_ws/install/sct_turtlesim_joy_controller[0m
[1.883s] [34mcolcon.colcon_core.event_handler.log_command[0m [1;30mDEBUG[0m [32mInvoked command in '/home/yildiz/Desktop/forgit/itusct_autonomous/itusct_autonomous_weekly7/weekly7_ws/build/sct_img_filter' returned '0': CMAKE_PREFIX_PATH=/opt/ros/humble /home/yildiz/.local/bin/cmake /home/yildiz/Desktop/forgit/itusct_autonomous/itusct_autonomous_weekly7/weekly7_ws/src/sct_img_filter -DCMAKE_INSTALL_PREFIX=/home/yildiz/Desktop/forgit/itusct_autonomous/itusct_autonomous_weekly7/weekly7_ws/install/sct_img_filter[0m
[1.884s] [34mcolcon.colcon_core.event_handler.log_command[0m [1;30mDEBUG[0m [32mInvoking command in '/home/yildiz/Desktop/forgit/itusct_autonomous/itusct_autonomous_weekly7/weekly7_ws/build/sct_img_filter': CMAKE_PREFIX_PATH=/opt/ros/humble /home/yildiz/.local/bin/cmake --build /home/yildiz/Desktop/forgit/itusct_autonomous/itusct_autonomous_weekly7/weekly7_ws/build/sct_img_filter -- -j16 -l16[0m
[1.895s] [34mcolcon.colcon_core.event_handler.log_command[0m [1;30mDEBUG[0m [32mInvoked command in '/home/yildiz/Desktop/forgit/itusct_autonomous/itusct_autonomous_weekly7/weekly7_ws/build/sct_turtlesim_joy_controller' returned '0': CMAKE_PREFIX_PATH=/opt/ros/humble /home/yildiz/.local/bin/cmake /home/yildiz/Desktop/forgit/itusct_autonomous/itusct_autonomous_weekly7/weekly7_ws/src/sct_turtlesim_joy_controller -DCMAKE_INSTALL_PREFIX=/home/yildiz/Desktop/forgit/itusct_autonomous/itusct_autonomous_weekly7/weekly7_ws/install/sct_turtlesim_joy_controller[0m
[1.896s] [34mcolcon.colcon_core.event_handler.log_command[0m [1;30mDEBUG[0m [32mInvoking command in '/home/yildiz/Desktop/forgit/itusct_autonomous/itusct_autonomous_weekly7/weekly7_ws/build/sct_turtlesim_joy_controller': CMAKE_PREFIX_PATH=/opt/ros/humble /home/yildiz/.local/bin/cmake --build /home/yildiz/Desktop/forgit/itusct_autonomous/itusct_autonomous_weekly7/weekly7_ws/build/sct_turtlesim_joy_controller -- -j16 -l16[0m
[9.698s] [34mcolcon.colcon_core.event_handler.log_command[0m [1;30mDEBUG[0m [32mInvoked command in '/home/yildiz/Desktop/forgit/itusct_autonomous/itusct_autonomous_weekly7/weekly7_ws/build/sct_img_filter' returned '0': CMAKE_PREFIX_PATH=/opt/ros/humble /home/yildiz/.local/bin/cmake --build /home/yildiz/Desktop/forgit/itusct_autonomous/itusct_autonomous_weekly7/weekly7_ws/build/sct_img_filter -- -j16 -l16[0m
[9.773s] [34mcolcon.colcon_core.event_handler.log_command[0m [1;30mDEBUG[0m [32mInvoking command in '/home/yildiz/Desktop/forgit/itusct_autonomous/itusct_autonomous_weekly7/weekly7_ws/build/sct_img_filter': CMAKE_PREFIX_PATH=/opt/ros/humble /home/yildiz/.local/bin/cmake --install /home/yildiz/Desktop/forgit/itusct_autonomous/itusct_autonomous_weekly7/weekly7_ws/build/sct_img_filter[0m
[9.825s] [34mcolcon.colcon_core.environment[0m [1;30mLevel 1[0m create_environment_scripts_only(sct_img_filter)
[9.826s] [34mcolcon.colcon_core.event_handler.log_command[0m [1;30mDEBUG[0m [32mInvoked command in '/home/yildiz/Desktop/forgit/itusct_autonomous/itusct_autonomous_weekly7/weekly7_ws/build/sct_img_filter' returned '0': CMAKE_PREFIX_PATH=/opt/ros/humble /home/yildiz/.local/bin/cmake --install /home/yildiz/Desktop/forgit/itusct_autonomous/itusct_autonomous_weekly7/weekly7_ws/build/sct_img_filter[0m
[9.828s] [34mcolcon.colcon_core.environment[0m [1;30mLevel 1[0m checking '/home/yildiz/Desktop/forgit/itusct_autonomous/itusct_autonomous_weekly7/weekly7_ws/install/sct_img_filter' for CMake module files
[9.828s] [34mcolcon.colcon_core.environment[0m [1;30mLevel 1[0m checking '/home/yildiz/Desktop/forgit/itusct_autonomous/itusct_autonomous_weekly7/weekly7_ws/install/sct_img_filter' for CMake config files
[9.829s] [34mcolcon.colcon_core.shell[0m [1;30mLevel 1[0m create_environment_hook('sct_img_filter', 'cmake_prefix_path')
[9.829s] [34mcolcon.colcon_core.shell[0m [1;30mINFO[0m Creating environment hook '/home/yildiz/Desktop/forgit/itusct_autonomous/itusct_autonomous_weekly7/weekly7_ws/install/sct_img_filter/share/sct_img_filter/hook/cmake_prefix_path.ps1'
[9.829s] [34mcolcon.colcon_core.shell[0m [1;30mINFO[0m Creating environment descriptor '/home/yildiz/Desktop/forgit/itusct_autonomous/itusct_autonomous_weekly7/weekly7_ws/install/sct_img_filter/share/sct_img_filter/hook/cmake_prefix_path.dsv'
[9.829s] [34mcolcon.colcon_core.shell[0m [1;30mINFO[0m Creating environment hook '/home/yildiz/Desktop/forgit/itusct_autonomous/itusct_autonomous_weekly7/weekly7_ws/install/sct_img_filter/share/sct_img_filter/hook/cmake_prefix_path.sh'
[9.830s] [34mcolcon.colcon_core.environment[0m [1;30mLevel 1[0m checking '/home/yildiz/Desktop/forgit/itusct_autonomous/itusct_autonomous_weekly7/weekly7_ws/install/sct_img_filter/lib'
[9.830s] [34mcolcon.colcon_core.environment[0m [1;30mLevel 1[0m checking '/home/yildiz/Desktop/forgit/itusct_autonomous/itusct_autonomous_weekly7/weekly7_ws/install/sct_img_filter/bin'
[9.830s] [34mcolcon.colcon_core.environment[0m [1;30mLevel 1[0m checking '/home/yildiz/Desktop/forgit/itusct_autonomous/itusct_autonomous_weekly7/weekly7_ws/install/sct_img_filter/lib/pkgconfig/sct_img_filter.pc'
[9.830s] [34mcolcon.colcon_core.environment[0m [1;30mLevel 1[0m checking '/home/yildiz/Desktop/forgit/itusct_autonomous/itusct_autonomous_weekly7/weekly7_ws/install/sct_img_filter/lib/python3.10/site-packages'
[9.830s] [34mcolcon.colcon_core.environment[0m [1;30mLevel 1[0m checking '/home/yildiz/Desktop/forgit/itusct_autonomous/itusct_autonomous_weekly7/weekly7_ws/install/sct_img_filter/bin'
[9.831s] [34mcolcon.colcon_core.shell[0m [1;30mINFO[0m Creating package script '/home/yildiz/Desktop/forgit/itusct_autonomous/itusct_autonomous_weekly7/weekly7_ws/install/sct_img_filter/share/sct_img_filter/package.ps1'
[9.831s] [34mcolcon.colcon_core.shell[0m [1;30mINFO[0m Creating package descriptor '/home/yildiz/Desktop/forgit/itusct_autonomous/itusct_autonomous_weekly7/weekly7_ws/install/sct_img_filter/share/sct_img_filter/package.dsv'
[9.832s] [34mcolcon.colcon_core.shell[0m [1;30mINFO[0m Creating package script '/home/yildiz/Desktop/forgit/itusct_autonomous/itusct_autonomous_weekly7/weekly7_ws/install/sct_img_filter/share/sct_img_filter/package.sh'
[9.832s] [34mcolcon.colcon_core.shell[0m [1;30mINFO[0m Creating package script '/home/yildiz/Desktop/forgit/itusct_autonomous/itusct_autonomous_weekly7/weekly7_ws/install/sct_img_filter/share/sct_img_filter/package.bash'
[9.833s] [34mcolcon.colcon_core.shell[0m [1;30mINFO[0m Creating package script '/home/yildiz/Desktop/forgit/itusct_autonomous/itusct_autonomous_weekly7/weekly7_ws/install/sct_img_filter/share/sct_img_filter/package.zsh'
[9.833s] [34mcolcon.colcon_core.environment[0m [1;30mLevel 1[0m create_file_with_runtime_dependencies(/home/yildiz/Desktop/forgit/itusct_autonomous/itusct_autonomous_weekly7/weekly7_ws/install/sct_img_filter/share/colcon-core/packages/sct_img_filter)
[9.879s] [34mcolcon.colcon_core.environment[0m [1;30mLevel 1[0m create_environment_scripts_only(sct_img_filter)
[9.879s] [34mcolcon.colcon_core.environment[0m [1;30mLevel 1[0m checking '/home/yildiz/Desktop/forgit/itusct_autonomous/itusct_autonomous_weekly7/weekly7_ws/install/sct_img_filter' for CMake module files
[9.880s] [34mcolcon.colcon_core.environment[0m [1;30mLevel 1[0m checking '/home/yildiz/Desktop/forgit/itusct_autonomous/itusct_autonomous_weekly7/weekly7_ws/install/sct_img_filter' for CMake config files
[9.880s] [34mcolcon.colcon_core.shell[0m [1;30mLevel 1[0m create_environment_hook('sct_img_filter', 'cmake_prefix_path')
[9.880s] [34mcolcon.colcon_core.shell[0m [1;30mINFO[0m Creating environment hook '/home/yildiz/Desktop/forgit/itusct_autonomous/itusct_autonomous_weekly7/weekly7_ws/install/sct_img_filter/share/sct_img_filter/hook/cmake_prefix_path.ps1'
[9.881s] [34mcolcon.colcon_core.shell[0m [1;30mINFO[0m Creating environment descriptor '/home/yildiz/Desktop/forgit/itusct_autonomous/itusct_autonomous_weekly7/weekly7_ws/install/sct_img_filter/share/sct_img_filter/hook/cmake_prefix_path.dsv'
[9.881s] [34mcolcon.colcon_core.shell[0m [1;30mINFO[0m Creating environment hook '/home/yildiz/Desktop/forgit/itusct_autonomous/itusct_autonomous_weekly7/weekly7_ws/install/sct_img_filter/share/sct_img_filter/hook/cmake_prefix_path.sh'
[9.881s] [34mcolcon.colcon_core.environment[0m [1;30mLevel 1[0m checking '/home/yildiz/Desktop/forgit/itusct_autonomous/itusct_autonomous_weekly7/weekly7_ws/install/sct_img_filter/lib'
[9.881s] [34mcolcon.colcon_core.environment[0m [1;30mLevel 1[0m checking '/home/yildiz/Desktop/forgit/itusct_autonomous/itusct_autonomous_weekly7/weekly7_ws/install/sct_img_filter/bin'
[9.881s] [34mcolcon.colcon_core.environment[0m [1;30mLevel 1[0m checking '/home/yildiz/Desktop/forgit/itusct_autonomous/itusct_autonomous_weekly7/weekly7_ws/install/sct_img_filter/lib/pkgconfig/sct_img_filter.pc'
[9.881s] [34mcolcon.colcon_core.environment[0m [1;30mLevel 1[0m checking '/home/yildiz/Desktop/forgit/itusct_autonomous/itusct_autonomous_weekly7/weekly7_ws/install/sct_img_filter/lib/python3.10/site-packages'
[9.882s] [34mcolcon.colcon_core.environment[0m [1;30mLevel 1[0m checking '/home/yildiz/Desktop/forgit/itusct_autonomous/itusct_autonomous_weekly7/weekly7_ws/install/sct_img_filter/bin'
[9.882s] [34mcolcon.colcon_core.shell[0m [1;30mINFO[0m Creating package script '/home/yildiz/Desktop/forgit/itusct_autonomous/itusct_autonomous_weekly7/weekly7_ws/install/sct_img_filter/share/sct_img_filter/package.ps1'
[9.882s] [34mcolcon.colcon_core.shell[0m [1;30mINFO[0m Creating package descriptor '/home/yildiz/Desktop/forgit/itusct_autonomous/itusct_autonomous_weekly7/weekly7_ws/install/sct_img_filter/share/sct_img_filter/package.dsv'
[9.882s] [34mcolcon.colcon_core.shell[0m [1;30mINFO[0m Creating package script '/home/yildiz/Desktop/forgit/itusct_autonomous/itusct_autonomous_weekly7/weekly7_ws/install/sct_img_filter/share/sct_img_filter/package.sh'
[9.883s] [34mcolcon.colcon_core.shell[0m [1;30mINFO[0m Creating package script '/home/yildiz/Desktop/forgit/itusct_autonomous/itusct_autonomous_weekly7/weekly7_ws/install/sct_img_filter/share/sct_img_filter/package.bash'
[9.883s] [34mcolcon.colcon_core.shell[0m [1;30mINFO[0m Creating package script '/home/yildiz/Desktop/forgit/itusct_autonomous/itusct_autonomous_weekly7/weekly7_ws/install/sct_img_filter/share/sct_img_filter/package.zsh'
[9.883s] [34mcolcon.colcon_core.environment[0m [1;30mLevel 1[0m create_file_with_runtime_dependencies(/home/yildiz/Desktop/forgit/itusct_autonomous/itusct_autonomous_weekly7/weekly7_ws/install/sct_img_filter/share/colcon-core/packages/sct_img_filter)
[12.121s] [34mcolcon.colcon_core.event_handler.log_command[0m [1;30mDEBUG[0m [32mInvoked command in '/home/yildiz/Desktop/forgit/itusct_autonomous/itusct_autonomous_weekly7/weekly7_ws/build/sct_turtlesim_joy_controller' returned '0': CMAKE_PREFIX_PATH=/opt/ros/humble /home/yildiz/.local/bin/cmake --build /home/yildiz/Desktop/forgit/itusct_autonomous/itusct_autonomous_weekly7/weekly7_ws/build/sct_turtlesim_joy_controller -- -j16 -l16[0m
[12.160s] [34mcolcon.colcon_core.event_handler.log_command[0m [1;30mDEBUG[0m [32mInvoking command in '/home/yildiz/Desktop/forgit/itusct_autonomous/itusct_autonomous_weekly7/weekly7_ws/build/sct_turtlesim_joy_controller': CMAKE_PREFIX_PATH=/opt/ros/humble /home/yildiz/.local/bin/cmake --install /home/yildiz/Desktop/forgit/itusct_autonomous/itusct_autonomous_weekly7/weekly7_ws/build/sct_turtlesim_joy_controller[0m
[12.197s] [34mcolcon.colcon_core.environment[0m [1;30mLevel 1[0m create_environment_scripts_only(sct_turtlesim_joy_controller)
[12.197s] [34mcolcon.colcon_core.environment[0m [1;30mLevel 1[0m checking '/home/yildiz/Desktop/forgit/itusct_autonomous/itusct_autonomous_weekly7/weekly7_ws/install/sct_turtlesim_joy_controller' for CMake module files
[12.197s] [34mcolcon.colcon_core.event_handler.log_command[0m [1;30mDEBUG[0m [32mInvoked command in '/home/yildiz/Desktop/forgit/itusct_autonomous/itusct_autonomous_weekly7/weekly7_ws/build/sct_turtlesim_joy_controller' returned '0': CMAKE_PREFIX_PATH=/opt/ros/humble /home/yildiz/.local/bin/cmake --install /home/yildiz/Desktop/forgit/itusct_autonomous/itusct_autonomous_weekly7/weekly7_ws/build/sct_turtlesim_joy_controller[0m
[12.198s] [34mcolcon.colcon_core.environment[0m [1;30mLevel 1[0m checking '/home/yildiz/Desktop/forgit/itusct_autonomous/itusct_autonomous_weekly7/weekly7_ws/install/sct_turtlesim_joy_controller' for CMake config files
[12.198s] [34mcolcon.colcon_core.shell[0m [1;30mLevel 1[0m create_environment_hook('sct_turtlesim_joy_controller', 'cmake_prefix_path')
[12.198s] [34mcolcon.colcon_core.shell[0m [1;30mINFO[0m Creating environment hook '/home/yildiz/Desktop/forgit/itusct_autonomous/itusct_autonomous_weekly7/weekly7_ws/install/sct_turtlesim_joy_controller/share/sct_turtlesim_joy_controller/hook/cmake_prefix_path.ps1'
[12.199s] [34mcolcon.colcon_core.shell[0m [1;30mINFO[0m Creating environment descriptor '/home/yildiz/Desktop/forgit/itusct_autonomous/itusct_autonomous_weekly7/weekly7_ws/install/sct_turtlesim_joy_controller/share/sct_turtlesim_joy_controller/hook/cmake_prefix_path.dsv'
[12.199s] [34mcolcon.colcon_core.shell[0m [1;30mINFO[0m Creating environment hook '/home/yildiz/Desktop/forgit/itusct_autonomous/itusct_autonomous_weekly7/weekly7_ws/install/sct_turtlesim_joy_controller/share/sct_turtlesim_joy_controller/hook/cmake_prefix_path.sh'
[12.199s] [34mcolcon.colcon_core.environment[0m [1;30mLevel 1[0m checking '/home/yildiz/Desktop/forgit/itusct_autonomous/itusct_autonomous_weekly7/weekly7_ws/install/sct_turtlesim_joy_controller/lib'
[12.199s] [34mcolcon.colcon_core.environment[0m [1;30mLevel 1[0m checking '/home/yildiz/Desktop/forgit/itusct_autonomous/itusct_autonomous_weekly7/weekly7_ws/install/sct_turtlesim_joy_controller/bin'
[12.199s] [34mcolcon.colcon_core.environment[0m [1;30mLevel 1[0m checking '/home/yildiz/Desktop/forgit/itusct_autonomous/itusct_autonomous_weekly7/weekly7_ws/install/sct_turtlesim_joy_controller/lib/pkgconfig/sct_turtlesim_joy_controller.pc'
[12.199s] [34mcolcon.colcon_core.environment[0m [1;30mLevel 1[0m checking '/home/yildiz/Desktop/forgit/itusct_autonomous/itusct_autonomous_weekly7/weekly7_ws/install/sct_turtlesim_joy_controller/lib/python3.10/site-packages'
[12.200s] [34mcolcon.colcon_core.environment[0m [1;30mLevel 1[0m checking '/home/yildiz/Desktop/forgit/itusct_autonomous/itusct_autonomous_weekly7/weekly7_ws/install/sct_turtlesim_joy_controller/bin'
[12.200s] [34mcolcon.colcon_core.shell[0m [1;30mINFO[0m Creating package script '/home/yildiz/Desktop/forgit/itusct_autonomous/itusct_autonomous_weekly7/weekly7_ws/install/sct_turtlesim_joy_controller/share/sct_turtlesim_joy_controller/package.ps1'
[12.200s] [34mcolcon.colcon_core.shell[0m [1;30mINFO[0m Creating package descriptor '/home/yildiz/Desktop/forgit/itusct_autonomous/itusct_autonomous_weekly7/weekly7_ws/install/sct_turtlesim_joy_controller/share/sct_turtlesim_joy_controller/package.dsv'
[12.200s] [34mcolcon.colcon_core.shell[0m [1;30mINFO[0m Creating package script '/home/yildiz/Desktop/forgit/itusct_autonomous/itusct_autonomous_weekly7/weekly7_ws/install/sct_turtlesim_joy_controller/share/sct_turtlesim_joy_controller/package.sh'
[12.200s] [34mcolcon.colcon_core.shell[0m [1;30mINFO[0m Creating package script '/home/yildiz/Desktop/forgit/itusct_autonomous/itusct_autonomous_weekly7/weekly7_ws/install/sct_turtlesim_joy_controller/share/sct_turtlesim_joy_controller/package.bash'
[12.201s] [34mcolcon.colcon_core.shell[0m [1;30mINFO[0m Creating package script '/home/yildiz/Desktop/forgit/itusct_autonomous/itusct_autonomous_weekly7/weekly7_ws/install/sct_turtlesim_joy_controller/share/sct_turtlesim_joy_controller/package.zsh'
[12.201s] [34mcolcon.colcon_core.environment[0m [1;30mLevel 1[0m create_file_with_runtime_dependencies(/home/yildiz/Desktop/forgit/itusct_autonomous/itusct_autonomous_weekly7/weekly7_ws/install/sct_turtlesim_joy_controller/share/colcon-core/packages/sct_turtlesim_joy_controller)
[12.241s] [34mcolcon.colcon_core.environment[0m [1;30mLevel 1[0m create_environment_scripts_only(sct_turtlesim_joy_controller)
[12.241s] [34mcolcon.colcon_core.environment[0m [1;30mLevel 1[0m checking '/home/yildiz/Desktop/forgit/itusct_autonomous/itusct_autonomous_weekly7/weekly7_ws/install/sct_turtlesim_joy_controller' for CMake module files
[12.242s] [34mcolcon.colcon_core.environment[0m [1;30mLevel 1[0m checking '/home/yildiz/Desktop/forgit/itusct_autonomous/itusct_autonomous_weekly7/weekly7_ws/install/sct_turtlesim_joy_controller' for CMake config files
[12.242s] [34mcolcon.colcon_core.shell[0m [1;30mLevel 1[0m create_environment_hook('sct_turtlesim_joy_controller', 'cmake_prefix_path')
[12.242s] [34mcolcon.colcon_core.shell[0m [1;30mINFO[0m Creating environment hook '/home/yildiz/Desktop/forgit/itusct_autonomous/itusct_autonomous_weekly7/weekly7_ws/install/sct_turtlesim_joy_controller/share/sct_turtlesim_joy_controller/hook/cmake_prefix_path.ps1'
[12.242s] [34mcolcon.colcon_core.shell[0m [1;30mINFO[0m Creating environment descriptor '/home/yildiz/Desktop/forgit/itusct_autonomous/itusct_autonomous_weekly7/weekly7_ws/install/sct_turtlesim_joy_controller/share/sct_turtlesim_joy_controller/hook/cmake_prefix_path.dsv'
[12.242s] [34mcolcon.colcon_core.shell[0m [1;30mINFO[0m Creating environment hook '/home/yildiz/Desktop/forgit/itusct_autonomous/itusct_autonomous_weekly7/weekly7_ws/install/sct_turtlesim_joy_controller/share/sct_turtlesim_joy_controller/hook/cmake_prefix_path.sh'
[12.243s] [34mcolcon.colcon_core.environment[0m [1;30mLevel 1[0m checking '/home/yildiz/Desktop/forgit/itusct_autonomous/itusct_autonomous_weekly7/weekly7_ws/install/sct_turtlesim_joy_controller/lib'
[12.243s] [34mcolcon.colcon_core.environment[0m [1;30mLevel 1[0m checking '/home/yildiz/Desktop/forgit/itusct_autonomous/itusct_autonomous_weekly7/weekly7_ws/install/sct_turtlesim_joy_controller/bin'
[12.243s] [34mcolcon.colcon_core.environment[0m [1;30mLevel 1[0m checking '/home/yildiz/Desktop/forgit/itusct_autonomous/itusct_autonomous_weekly7/weekly7_ws/install/sct_turtlesim_joy_controller/lib/pkgconfig/sct_turtlesim_joy_controller.pc'
[12.243s] [34mcolcon.colcon_core.environment[0m [1;30mLevel 1[0m checking '/home/yildiz/Desktop/forgit/itusct_autonomous/itusct_autonomous_weekly7/weekly7_ws/install/sct_turtlesim_joy_controller/lib/python3.10/site-packages'
[12.243s] [34mcolcon.colcon_core.environment[0m [1;30mLevel 1[0m checking '/home/yildiz/Desktop/forgit/itusct_autonomous/itusct_autonomous_weekly7/weekly7_ws/install/sct_turtlesim_joy_controller/bin'
[12.243s] [34mcolcon.colcon_core.shell[0m [1;30mINFO[0m Creating package script '/home/yildiz/Desktop/forgit/itusct_autonomous/itusct_autonomous_weekly7/weekly7_ws/install/sct_turtlesim_joy_controller/share/sct_turtlesim_joy_controller/package.ps1'
[12.244s] [34mcolcon.colcon_core.shell[0m [1;30mINFO[0m Creating package descriptor '/home/yildiz/Desktop/forgit/itusct_autonomous/itusct_autonomous_weekly7/weekly7_ws/install/sct_turtlesim_joy_controller/share/sct_turtlesim_joy_controller/package.dsv'
[12.244s] [34mcolcon.colcon_core.shell[0m [1;30mINFO[0m Creating package script '/home/yildiz/Desktop/forgit/itusct_autonomous/itusct_autonomous_weekly7/weekly7_ws/install/sct_turtlesim_joy_controller/share/sct_turtlesim_joy_controller/package.sh'
[12.244s] [34mcolcon.colcon_core.shell[0m [1;30mINFO[0m Creating package script '/home/yildiz/Desktop/forgit/itusct_autonomous/itusct_autonomous_weekly7/weekly7_ws/install/sct_turtlesim_joy_controller/share/sct_turtlesim_joy_controller/package.bash'
[12.244s] [34mcolcon.colcon_core.shell[0m [1;30mINFO[0m Creating package script '/home/yildiz/Desktop/forgit/itusct_autonomous/itusct_autonomous_weekly7/weekly7_ws/install/sct_turtlesim_joy_controller/share/sct_turtlesim_joy_controller/package.zsh'
[12.245s] [34mcolcon.colcon_core.environment[0m [1;30mLevel 1[0m create_file_with_runtime_dependencies(/home/yildiz/Desktop/forgit/itusct_autonomous/itusct_autonomous_weekly7/weekly7_ws/install/sct_turtlesim_joy_controller/share/colcon-core/packages/sct_turtlesim_joy_controller)
[12.245s] [34mcolcon.colcon_parallel_executor.executor.parallel[0m [1;30mDEBUG[0m [32mclosing loop[0m
[12.245s] [34mcolcon.colcon_parallel_executor.executor.parallel[0m [1;30mDEBUG[0m [32mloop closed[0m
[12.245s] [34mcolcon.colcon_parallel_executor.executor.parallel[0m [1;30mDEBUG[0m [32mrun_until_complete finished with '0'[0m
[12.245s] [34mcolcon.colcon_core.event_reactor[0m [1;30mDEBUG[0m [32mjoining thread[0m
[12.250s] [34mcolcon.colcon_core.plugin_system[0m [1;30mINFO[0m Skipping extension 'colcon_notification.desktop_notification.terminal_notifier': Not used on non-Darwin systems
[12.251s] [34mcolcon.colcon_core.plugin_system[0m [1;30mINFO[0m Skipping extension 'colcon_notification.desktop_notification.win32': Not used on non-Windows systems
[12.251s] [34mcolcon.colcon_notification.desktop_notification[0m [1;30mINFO[0m Sending desktop notification using 'notify2'
[12.260s] [34mcolcon.colcon_core.event_reactor[0m [1;30mDEBUG[0m [32mjoined thread[0m
[12.260s] [34mcolcon.colcon_core.shell[0m [1;30mINFO[0m Creating prefix script '/home/yildiz/Desktop/forgit/itusct_autonomous/itusct_autonomous_weekly7/weekly7_ws/install/local_setup.ps1'
[12.261s] [34mcolcon.colcon_core.shell[0m [1;30mINFO[0m Creating prefix util module '/home/yildiz/Desktop/forgit/itusct_autonomous/itusct_autonomous_weekly7/weekly7_ws/install/_local_setup_util_ps1.py'
[12.262s] [34mcolcon.colcon_core.shell[0m [1;30mINFO[0m Creating prefix chain script '/home/yildiz/Desktop/forgit/itusct_autonomous/itusct_autonomous_weekly7/weekly7_ws/install/setup.ps1'
[12.262s] [34mcolcon.colcon_core.shell[0m [1;30mINFO[0m Creating prefix script '/home/yildiz/Desktop/forgit/itusct_autonomous/itusct_autonomous_weekly7/weekly7_ws/install/local_setup.sh'
[12.263s] [34mcolcon.colcon_core.shell[0m [1;30mINFO[0m Creating prefix util module '/home/yildiz/Desktop/forgit/itusct_autonomous/itusct_autonomous_weekly7/weekly7_ws/install/_local_setup_util_sh.py'
[12.263s] [34mcolcon.colcon_core.shell[0m [1;30mINFO[0m Creating prefix chain script '/home/yildiz/Desktop/forgit/itusct_autonomous/itusct_autonomous_weekly7/weekly7_ws/install/setup.sh'
[12.264s] [34mcolcon.colcon_core.shell[0m [1;30mINFO[0m Creating prefix script '/home/yildiz/Desktop/forgit/itusct_autonomous/itusct_autonomous_weekly7/weekly7_ws/install/local_setup.bash'
[12.264s] [34mcolcon.colcon_core.shell[0m [1;30mINFO[0m Creating prefix chain script '/home/yildiz/Desktop/forgit/itusct_autonomous/itusct_autonomous_weekly7/weekly7_ws/install/setup.bash'
[12.264s] [34mcolcon.colcon_core.shell[0m [1;30mINFO[0m Creating prefix script '/home/yildiz/Desktop/forgit/itusct_autonomous/itusct_autonomous_weekly7/weekly7_ws/install/local_setup.zsh'
[12.265s] [34mcolcon.colcon_core.shell[0m [1;30mINFO[0m Creating prefix chain script '/home/yildiz/Desktop/forgit/itusct_autonomous/itusct_autonomous_weekly7/weekly7_ws/install/setup.zsh'
