[100%] Built target joy_controller
-- Install configuration: ""
-- Up-to-date: /home/yildiz/Desktop/forgit/itusct_autonomous/itusct_autonomous_weekly7/weekly7_ws/install/sct_turtlesim_joy_controller/lib/sct_turtlesim_joy_controller/joy_controller
-- Up-to-date: /home/yildiz/Desktop/forgit/itusct_autonomous/itusct_autonomous_weekly7/weekly7_ws/install/sct_turtlesim_joy_controller/share/sct_turtlesim_joy_controller/launch
-- Up-to-date: /home/yildiz/Desktop/forgit/itusct_autonomous/itusct_autonomous_weekly7/weekly7_ws/install/sct_turtlesim_joy_controller/share/sct_turtlesim_joy_controller/launch/start_all.launch.py
-- Up-to-date: /home/yildiz/Desktop/forgit/itusct_autonomous/itusct_autonomous_weekly7/weekly7_ws/install/sct_turtlesim_joy_controller/share/ament_index/resource_index/package_run_dependencies/sct_turtlesim_joy_controller
-- Up-to-date: /home/yildiz/Desktop/forgit/itusct_autonomous/itusct_autonomous_weekly7/weekly7_ws/install/sct_turtlesim_joy_controller/share/ament_index/resource_index/parent_prefix_path/sct_turtlesim_joy_controller
-- Up-to-date: /home/yildiz/Desktop/forgit/itusct_autonomous/itusct_autonomous_weekly7/weekly7_ws/install/sct_turtlesim_joy_controller/share/sct_turtlesim_joy_controller/environment/ament_prefix_path.sh
-- Up-to-date: /home/yildiz/Desktop/forgit/itusct_autonomous/itusct_autonomous_weekly7/weekly7_ws/install/sct_turtlesim_joy_controller/share/sct_turtlesim_joy_controller/environment/ament_prefix_path.dsv
-- Up-to-date: /home/yildiz/Desktop/forgit/itusct_autonomous/itusct_autonomous_weekly7/weekly7_ws/install/sct_turtlesim_joy_controller/share/sct_turtlesim_joy_controller/environment/path.sh
-- Up-to-date: /home/yildiz/Desktop/forgit/itusct_autonomous/itusct_autonomous_weekly7/weekly7_ws/install/sct_turtlesim_joy_controller/share/sct_turtlesim_joy_controller/environment/path.dsv
-- Up-to-date: /home/yildiz/Desktop/forgit/itusct_autonomous/itusct_autonomous_weekly7/weekly7_ws/install/sct_turtlesim_joy_controller/share/sct_turtlesim_joy_controller/local_setup.bash
-- Up-to-date: /home/yildiz/Desktop/forgit/itusct_autonomous/itusct_autonomous_weekly7/weekly7_ws/install/sct_turtlesim_joy_controller/share/sct_turtlesim_joy_controller/local_setup.sh
-- Up-to-date: /home/yildiz/Desktop/forgit/itusct_autonomous/itusct_autonomous_weekly7/weekly7_ws/install/sct_turtlesim_joy_controller/share/sct_turtlesim_joy_controller/local_setup.zsh
-- Up-to-date: /home/yildiz/Desktop/forgit/itusct_autonomous/itusct_autonomous_weekly7/weekly7_ws/install/sct_turtlesim_joy_controller/share/sct_turtlesim_joy_controller/local_setup.dsv
-- Installing: /home/yildiz/Desktop/forgit/itusct_autonomous/itusct_autonomous_weekly7/weekly7_ws/install/sct_turtlesim_joy_controller/share/sct_turtlesim_joy_controller/package.dsv
-- Up-to-date: /home/yildiz/Desktop/forgit/itusct_autonomous/itusct_autonomous_weekly7/weekly7_ws/install/sct_turtlesim_joy_controller/share/ament_index/resource_index/packages/sct_turtlesim_joy_controller
-- Up-to-date: /home/yildiz/Desktop/forgit/itusct_autonomous/itusct_autonomous_weekly7/weekly7_ws/install/sct_turtlesim_joy_controller/share/sct_turtlesim_joy_controller/cmake/sct_turtlesim_joy_controllerConfig.cmake
-- Up-to-date: /home/yildiz/Desktop/forgit/itusct_autonomous/itusct_autonomous_weekly7/weekly7_ws/install/sct_turtlesim_joy_controller/share/sct_turtlesim_joy_controller/cmake/sct_turtlesim_joy_controllerConfig-version.cmake
-- Up-to-date: /home/yildiz/Desktop/forgit/itusct_autonomous/itusct_autonomous_weekly7/weekly7_ws/install/sct_turtlesim_joy_controller/share/sct_turtlesim_joy_controller/package.xml
