[0.008s] Invoking command in '/home/yildiz/Desktop/forgit/itusct_autonomous/itusct_autonomous_weekly7/weekly7_ws/build/sct_turtlesim_joy_controller': CMAKE_PREFIX_PATH=/opt/ros/humble /home/yildiz/.local/bin/cmake --build /home/yildiz/Desktop/forgit/itusct_autonomous/itusct_autonomous_weekly7/weekly7_ws/build/sct_turtlesim_joy_controller -- -j16 -l16
[0.055s] [100%] Built target joy_controller
[0.062s] Invoked command in '/home/yildiz/Desktop/forgit/itusct_autonomous/itusct_autonomous_weekly7/weekly7_ws/build/sct_turtlesim_joy_controller' returned '0': CMAKE_PREFIX_PATH=/opt/ros/humble /home/yildiz/.local/bin/cmake --build /home/yildiz/Desktop/forgit/itusct_autonomous/itusct_autonomous_weekly7/weekly7_ws/build/sct_turtlesim_joy_controller -- -j16 -l16
[0.128s] Invoking command in '/home/yildiz/Desktop/forgit/itusct_autonomous/itusct_autonomous_weekly7/weekly7_ws/build/sct_turtlesim_joy_controller': CMAKE_PREFIX_PATH=/opt/ros/humble /home/yildiz/.local/bin/cmake --install /home/yildiz/Desktop/forgit/itusct_autonomous/itusct_autonomous_weekly7/weekly7_ws/build/sct_turtlesim_joy_controller
[0.151s] -- Install configuration: ""
[0.151s] -- Up-to-date: /home/yildiz/Desktop/forgit/itusct_autonomous/itusct_autonomous_weekly7/weekly7_ws/install/sct_turtlesim_joy_controller/lib/sct_turtlesim_joy_controller/joy_controller
[0.151s] -- Up-to-date: /home/yildiz/Desktop/forgit/itusct_autonomous/itusct_autonomous_weekly7/weekly7_ws/install/sct_turtlesim_joy_controller/share/sct_turtlesim_joy_controller/launch
[0.151s] -- Up-to-date: /home/yildiz/Desktop/forgit/itusct_autonomous/itusct_autonomous_weekly7/weekly7_ws/install/sct_turtlesim_joy_controller/share/sct_turtlesim_joy_controller/launch/start_all.launch.py
[0.151s] -- Up-to-date: /home/yildiz/Desktop/forgit/itusct_autonomous/itusct_autonomous_weekly7/weekly7_ws/install/sct_turtlesim_joy_controller/share/ament_index/resource_index/package_run_dependencies/sct_turtlesim_joy_controller
[0.151s] -- Up-to-date: /home/yildiz/Desktop/forgit/itusct_autonomous/itusct_autonomous_weekly7/weekly7_ws/install/sct_turtlesim_joy_controller/share/ament_index/resource_index/parent_prefix_path/sct_turtlesim_joy_controller
[0.152s] -- Up-to-date: /home/yildiz/Desktop/forgit/itusct_autonomous/itusct_autonomous_weekly7/weekly7_ws/install/sct_turtlesim_joy_controller/share/sct_turtlesim_joy_controller/environment/ament_prefix_path.sh
[0.152s] -- Up-to-date: /home/yildiz/Desktop/forgit/itusct_autonomous/itusct_autonomous_weekly7/weekly7_ws/install/sct_turtlesim_joy_controller/share/sct_turtlesim_joy_controller/environment/ament_prefix_path.dsv
[0.152s] -- Up-to-date: /home/yildiz/Desktop/forgit/itusct_autonomous/itusct_autonomous_weekly7/weekly7_ws/install/sct_turtlesim_joy_controller/share/sct_turtlesim_joy_controller/environment/path.sh
[0.152s] -- Up-to-date: /home/yildiz/Desktop/forgit/itusct_autonomous/itusct_autonomous_weekly7/weekly7_ws/install/sct_turtlesim_joy_controller/share/sct_turtlesim_joy_controller/environment/path.dsv
[0.152s] -- Up-to-date: /home/yildiz/Desktop/forgit/itusct_autonomous/itusct_autonomous_weekly7/weekly7_ws/install/sct_turtlesim_joy_controller/share/sct_turtlesim_joy_controller/local_setup.bash
[0.152s] -- Up-to-date: /home/yildiz/Desktop/forgit/itusct_autonomous/itusct_autonomous_weekly7/weekly7_ws/install/sct_turtlesim_joy_controller/share/sct_turtlesim_joy_controller/local_setup.sh
[0.152s] -- Up-to-date: /home/yildiz/Desktop/forgit/itusct_autonomous/itusct_autonomous_weekly7/weekly7_ws/install/sct_turtlesim_joy_controller/share/sct_turtlesim_joy_controller/local_setup.zsh
[0.152s] -- Up-to-date: /home/yildiz/Desktop/forgit/itusct_autonomous/itusct_autonomous_weekly7/weekly7_ws/install/sct_turtlesim_joy_controller/share/sct_turtlesim_joy_controller/local_setup.dsv
[0.152s] -- Installing: /home/yildiz/Desktop/forgit/itusct_autonomous/itusct_autonomous_weekly7/weekly7_ws/install/sct_turtlesim_joy_controller/share/sct_turtlesim_joy_controller/package.dsv
[0.152s] -- Up-to-date: /home/yildiz/Desktop/forgit/itusct_autonomous/itusct_autonomous_weekly7/weekly7_ws/install/sct_turtlesim_joy_controller/share/ament_index/resource_index/packages/sct_turtlesim_joy_controller
[0.152s] -- Up-to-date: /home/yildiz/Desktop/forgit/itusct_autonomous/itusct_autonomous_weekly7/weekly7_ws/install/sct_turtlesim_joy_controller/share/sct_turtlesim_joy_controller/cmake/sct_turtlesim_joy_controllerConfig.cmake
[0.153s] -- Up-to-date: /home/yildiz/Desktop/forgit/itusct_autonomous/itusct_autonomous_weekly7/weekly7_ws/install/sct_turtlesim_joy_controller/share/sct_turtlesim_joy_controller/cmake/sct_turtlesim_joy_controllerConfig-version.cmake
[0.153s] -- Up-to-date: /home/yildiz/Desktop/forgit/itusct_autonomous/itusct_autonomous_weekly7/weekly7_ws/install/sct_turtlesim_joy_controller/share/sct_turtlesim_joy_controller/package.xml
[0.156s] Invoked command in '/home/yildiz/Desktop/forgit/itusct_autonomous/itusct_autonomous_weekly7/weekly7_ws/build/sct_turtlesim_joy_controller' returned '0': CMAKE_PREFIX_PATH=/opt/ros/humble /home/yildiz/.local/bin/cmake --install /home/yildiz/Desktop/forgit/itusct_autonomous/itusct_autonomous_weekly7/weekly7_ws/build/sct_turtlesim_joy_controller
