-- The C compiler identification is GNU 11.4.0
-- The CXX compiler identification is GNU 11.4.0
-- Detecting C compiler ABI info
-- Detecting C compiler ABI info - done
-- Check for working C compiler: /usr/bin/cc - skipped
-- Detecting C compile features
-- Detecting C compile features - done
-- Detecting CXX compiler ABI info
-- Detecting CXX compiler ABI info - done
-- Check for working CXX compiler: /usr/bin/c++ - skipped
-- Detecting CXX compile features
-- Detecting CXX compile features - done
-- Found ament_cmake: 1.3.8 (/opt/ros/humble/share/ament_cmake/cmake)
-- Found Python3: /home/yildiz/.pyenv/shims/python3 (found version "3.10.12") found components: Interpreter 
-- Found rclcpp: 16.0.8 (/opt/ros/humble/share/rclcpp/cmake)
-- Found rosidl_generator_c: 3.1.5 (/opt/ros/humble/share/rosidl_generator_c/cmake)
-- Found rosidl_adapter: 3.1.5 (/opt/ros/humble/share/rosidl_adapter/cmake)
-- Found rosidl_generator_cpp: 3.1.5 (/opt/ros/humble/share/rosidl_generator_cpp/cmake)
-- Using all available rosidl_typesupport_c: rosidl_typesupport_fastrtps_c;rosidl_typesupport_introspection_c
-- Using all available rosidl_typesupport_cpp: rosidl_typesupport_fastrtps_cpp;rosidl_typesupport_introspection_cpp
-- Found rmw_implementation_cmake: 6.1.1 (/opt/ros/humble/share/rmw_implementation_cmake/cmake)
-- Found rmw_cyclonedds_cpp: 1.3.4 (/opt/ros/humble/share/rmw_cyclonedds_cpp/cmake)
-- Using RMW implementation 'rmw_cyclonedds_cpp' as default
-- Performing Test CMAKE_HAVE_LIBC_PTHREAD
-- Performing Test CMAKE_HAVE_LIBC_PTHREAD - Success
-- Found Threads: TRUE  
-- Found sensor_msgs: 4.2.3 (/opt/ros/humble/share/sensor_msgs/cmake)
-- Found turtlesim: 1.4.2 (/opt/ros/humble/share/turtlesim/cmake)
-- Found joy: 3.3.0 (/opt/ros/humble/share/joy/cmake)
-- Found std_srvs: 4.2.3 (/opt/ros/humble/share/std_srvs/cmake)
-- Configuring done
-- Generating done
-- Build files have been written to: /home/yildiz/Desktop/forgit/itusct_autonomous/itusct_autonomous_weekly7/weekly7_ws/build/sct_turtlesim_joy_controller
[ 50%] [32mBuilding CXX object CMakeFiles/joy_controller.dir/src/joy_controller.cpp.o[0m
[100%] [32m[1mLinking CXX executable joy_controller[0m
[100%] Built target joy_controller
-- Install configuration: ""
-- Installing: /home/yildiz/Desktop/forgit/itusct_autonomous/itusct_autonomous_weekly7/weekly7_ws/install/sct_turtlesim_joy_controller/lib/sct_turtlesim_joy_controller/joy_controller
-- Set runtime path of "/home/yildiz/Desktop/forgit/itusct_autonomous/itusct_autonomous_weekly7/weekly7_ws/install/sct_turtlesim_joy_controller/lib/sct_turtlesim_joy_controller/joy_controller" to ""
-- Installing: /home/yildiz/Desktop/forgit/itusct_autonomous/itusct_autonomous_weekly7/weekly7_ws/install/sct_turtlesim_joy_controller/share/sct_turtlesim_joy_controller/launch
-- Installing: /home/yildiz/Desktop/forgit/itusct_autonomous/itusct_autonomous_weekly7/weekly7_ws/install/sct_turtlesim_joy_controller/share/sct_turtlesim_joy_controller/launch/start_all.launch.py
-- Installing: /home/yildiz/Desktop/forgit/itusct_autonomous/itusct_autonomous_weekly7/weekly7_ws/install/sct_turtlesim_joy_controller/share/ament_index/resource_index/package_run_dependencies/sct_turtlesim_joy_controller
-- Installing: /home/yildiz/Desktop/forgit/itusct_autonomous/itusct_autonomous_weekly7/weekly7_ws/install/sct_turtlesim_joy_controller/share/ament_index/resource_index/parent_prefix_path/sct_turtlesim_joy_controller
-- Installing: /home/yildiz/Desktop/forgit/itusct_autonomous/itusct_autonomous_weekly7/weekly7_ws/install/sct_turtlesim_joy_controller/share/sct_turtlesim_joy_controller/environment/ament_prefix_path.sh
-- Installing: /home/yildiz/Desktop/forgit/itusct_autonomous/itusct_autonomous_weekly7/weekly7_ws/install/sct_turtlesim_joy_controller/share/sct_turtlesim_joy_controller/environment/ament_prefix_path.dsv
-- Installing: /home/yildiz/Desktop/forgit/itusct_autonomous/itusct_autonomous_weekly7/weekly7_ws/install/sct_turtlesim_joy_controller/share/sct_turtlesim_joy_controller/environment/path.sh
-- Installing: /home/yildiz/Desktop/forgit/itusct_autonomous/itusct_autonomous_weekly7/weekly7_ws/install/sct_turtlesim_joy_controller/share/sct_turtlesim_joy_controller/environment/path.dsv
-- Installing: /home/yildiz/Desktop/forgit/itusct_autonomous/itusct_autonomous_weekly7/weekly7_ws/install/sct_turtlesim_joy_controller/share/sct_turtlesim_joy_controller/local_setup.bash
-- Installing: /home/yildiz/Desktop/forgit/itusct_autonomous/itusct_autonomous_weekly7/weekly7_ws/install/sct_turtlesim_joy_controller/share/sct_turtlesim_joy_controller/local_setup.sh
-- Installing: /home/yildiz/Desktop/forgit/itusct_autonomous/itusct_autonomous_weekly7/weekly7_ws/install/sct_turtlesim_joy_controller/share/sct_turtlesim_joy_controller/local_setup.zsh
-- Installing: /home/yildiz/Desktop/forgit/itusct_autonomous/itusct_autonomous_weekly7/weekly7_ws/install/sct_turtlesim_joy_controller/share/sct_turtlesim_joy_controller/local_setup.dsv
-- Installing: /home/yildiz/Desktop/forgit/itusct_autonomous/itusct_autonomous_weekly7/weekly7_ws/install/sct_turtlesim_joy_controller/share/sct_turtlesim_joy_controller/package.dsv
-- Installing: /home/yildiz/Desktop/forgit/itusct_autonomous/itusct_autonomous_weekly7/weekly7_ws/install/sct_turtlesim_joy_controller/share/ament_index/resource_index/packages/sct_turtlesim_joy_controller
-- Installing: /home/yildiz/Desktop/forgit/itusct_autonomous/itusct_autonomous_weekly7/weekly7_ws/install/sct_turtlesim_joy_controller/share/sct_turtlesim_joy_controller/cmake/sct_turtlesim_joy_controllerConfig.cmake
-- Installing: /home/yildiz/Desktop/forgit/itusct_autonomous/itusct_autonomous_weekly7/weekly7_ws/install/sct_turtlesim_joy_controller/share/sct_turtlesim_joy_controller/cmake/sct_turtlesim_joy_controllerConfig-version.cmake
-- Installing: /home/yildiz/Desktop/forgit/itusct_autonomous/itusct_autonomous_weekly7/weekly7_ws/install/sct_turtlesim_joy_controller/share/sct_turtlesim_joy_controller/package.xml
