[0.007s] Invoking command in '/home/yildiz/Desktop/forgit/itusct_autonomous/itusct_autonomous_weekly7/weekly7_ws/build/sct_turtlesim_joy_controller': CMAKE_PREFIX_PATH=/opt/ros/humble /home/yildiz/.local/bin/cmake /home/yildiz/Desktop/forgit/itusct_autonomous/itusct_autonomous_weekly7/weekly7_ws/src/sct_turtlesim_joy_controller -DCMAKE_INSTALL_PREFIX=/home/yildiz/Desktop/forgit/itusct_autonomous/itusct_autonomous_weekly7/weekly7_ws/install/sct_turtlesim_joy_controller
[0.071s] -- The C compiler identification is GNU 11.4.0
[0.116s] -- The CXX compiler identification is GNU 11.4.0
[0.126s] -- Detecting C compiler ABI info
[0.172s] -- Detecting C compiler ABI info - done
[0.178s] -- Check for working C compiler: /usr/bin/cc - skipped
[0.179s] -- Detecting C compile features
[0.179s] -- Detecting C compile features - done
[0.182s] -- Detecting CXX compiler ABI info
[0.235s] -- Detecting CXX compiler ABI info - done
[0.242s] -- Check for working CXX compiler: /usr/bin/c++ - skipped
[0.242s] -- Detecting CXX compile features
[0.242s] -- Detecting CXX compile features - done
[0.250s] -- Found ament_cmake: 1.3.8 (/opt/ros/humble/share/ament_cmake/cmake)
[0.591s] -- Found Python3: /home/yildiz/.pyenv/shims/python3 (found version "3.10.12") found components: Interpreter 
[0.712s] -- Found rclcpp: 16.0.8 (/opt/ros/humble/share/rclcpp/cmake)
[0.776s] -- Found rosidl_generator_c: 3.1.5 (/opt/ros/humble/share/rosidl_generator_c/cmake)
[0.782s] -- Found rosidl_adapter: 3.1.5 (/opt/ros/humble/share/rosidl_adapter/cmake)
[0.792s] -- Found rosidl_generator_cpp: 3.1.5 (/opt/ros/humble/share/rosidl_generator_cpp/cmake)
[0.808s] -- Using all available rosidl_typesupport_c: rosidl_typesupport_fastrtps_c;rosidl_typesupport_introspection_c
[0.829s] -- Using all available rosidl_typesupport_cpp: rosidl_typesupport_fastrtps_cpp;rosidl_typesupport_introspection_cpp
[0.898s] -- Found rmw_implementation_cmake: 6.1.1 (/opt/ros/humble/share/rmw_implementation_cmake/cmake)
[0.901s] -- Found rmw_cyclonedds_cpp: 1.3.4 (/opt/ros/humble/share/rmw_cyclonedds_cpp/cmake)
[0.935s] -- Using RMW implementation 'rmw_cyclonedds_cpp' as default
[0.947s] -- Performing Test CMAKE_HAVE_LIBC_PTHREAD
[0.995s] -- Performing Test CMAKE_HAVE_LIBC_PTHREAD - Success
[0.996s] -- Found Threads: TRUE  
[1.137s] -- Found sensor_msgs: 4.2.3 (/opt/ros/humble/share/sensor_msgs/cmake)
[1.246s] -- Found turtlesim: 1.4.2 (/opt/ros/humble/share/turtlesim/cmake)
[1.369s] -- Found joy: 3.3.0 (/opt/ros/humble/share/joy/cmake)
[1.389s] -- Found std_srvs: 4.2.3 (/opt/ros/humble/share/std_srvs/cmake)
[1.498s] -- Configuring done
[1.511s] -- Generating done
[1.511s] -- Build files have been written to: /home/yildiz/Desktop/forgit/itusct_autonomous/itusct_autonomous_weekly7/weekly7_ws/build/sct_turtlesim_joy_controller
[1.521s] Invoked command in '/home/yildiz/Desktop/forgit/itusct_autonomous/itusct_autonomous_weekly7/weekly7_ws/build/sct_turtlesim_joy_controller' returned '0': CMAKE_PREFIX_PATH=/opt/ros/humble /home/yildiz/.local/bin/cmake /home/yildiz/Desktop/forgit/itusct_autonomous/itusct_autonomous_weekly7/weekly7_ws/src/sct_turtlesim_joy_controller -DCMAKE_INSTALL_PREFIX=/home/yildiz/Desktop/forgit/itusct_autonomous/itusct_autonomous_weekly7/weekly7_ws/install/sct_turtlesim_joy_controller
[1.523s] Invoking command in '/home/yildiz/Desktop/forgit/itusct_autonomous/itusct_autonomous_weekly7/weekly7_ws/build/sct_turtlesim_joy_controller': CMAKE_PREFIX_PATH=/opt/ros/humble /home/yildiz/.local/bin/cmake --build /home/yildiz/Desktop/forgit/itusct_autonomous/itusct_autonomous_weekly7/weekly7_ws/build/sct_turtlesim_joy_controller -- -j16 -l16
[1.562s] [ 50%] [32mBuilding CXX object CMakeFiles/joy_controller.dir/src/joy_controller.cpp.o[0m
[11.279s] [100%] [32m[1mLinking CXX executable joy_controller[0m
[11.740s] [100%] Built target joy_controller
[11.747s] Invoked command in '/home/yildiz/Desktop/forgit/itusct_autonomous/itusct_autonomous_weekly7/weekly7_ws/build/sct_turtlesim_joy_controller' returned '0': CMAKE_PREFIX_PATH=/opt/ros/humble /home/yildiz/.local/bin/cmake --build /home/yildiz/Desktop/forgit/itusct_autonomous/itusct_autonomous_weekly7/weekly7_ws/build/sct_turtlesim_joy_controller -- -j16 -l16
[11.787s] Invoking command in '/home/yildiz/Desktop/forgit/itusct_autonomous/itusct_autonomous_weekly7/weekly7_ws/build/sct_turtlesim_joy_controller': CMAKE_PREFIX_PATH=/opt/ros/humble /home/yildiz/.local/bin/cmake --install /home/yildiz/Desktop/forgit/itusct_autonomous/itusct_autonomous_weekly7/weekly7_ws/build/sct_turtlesim_joy_controller
[11.809s] -- Install configuration: ""
[11.809s] -- Installing: /home/yildiz/Desktop/forgit/itusct_autonomous/itusct_autonomous_weekly7/weekly7_ws/install/sct_turtlesim_joy_controller/lib/sct_turtlesim_joy_controller/joy_controller
[11.817s] -- Set runtime path of "/home/yildiz/Desktop/forgit/itusct_autonomous/itusct_autonomous_weekly7/weekly7_ws/install/sct_turtlesim_joy_controller/lib/sct_turtlesim_joy_controller/joy_controller" to ""
[11.817s] -- Installing: /home/yildiz/Desktop/forgit/itusct_autonomous/itusct_autonomous_weekly7/weekly7_ws/install/sct_turtlesim_joy_controller/share/sct_turtlesim_joy_controller/launch
[11.817s] -- Installing: /home/yildiz/Desktop/forgit/itusct_autonomous/itusct_autonomous_weekly7/weekly7_ws/install/sct_turtlesim_joy_controller/share/sct_turtlesim_joy_controller/launch/start_all.launch.py
[11.817s] -- Installing: /home/yildiz/Desktop/forgit/itusct_autonomous/itusct_autonomous_weekly7/weekly7_ws/install/sct_turtlesim_joy_controller/share/ament_index/resource_index/package_run_dependencies/sct_turtlesim_joy_controller
[11.817s] -- Installing: /home/yildiz/Desktop/forgit/itusct_autonomous/itusct_autonomous_weekly7/weekly7_ws/install/sct_turtlesim_joy_controller/share/ament_index/resource_index/parent_prefix_path/sct_turtlesim_joy_controller
[11.817s] -- Installing: /home/yildiz/Desktop/forgit/itusct_autonomous/itusct_autonomous_weekly7/weekly7_ws/install/sct_turtlesim_joy_controller/share/sct_turtlesim_joy_controller/environment/ament_prefix_path.sh
[11.817s] -- Installing: /home/yildiz/Desktop/forgit/itusct_autonomous/itusct_autonomous_weekly7/weekly7_ws/install/sct_turtlesim_joy_controller/share/sct_turtlesim_joy_controller/environment/ament_prefix_path.dsv
[11.818s] -- Installing: /home/yildiz/Desktop/forgit/itusct_autonomous/itusct_autonomous_weekly7/weekly7_ws/install/sct_turtlesim_joy_controller/share/sct_turtlesim_joy_controller/environment/path.sh
[11.818s] -- Installing: /home/yildiz/Desktop/forgit/itusct_autonomous/itusct_autonomous_weekly7/weekly7_ws/install/sct_turtlesim_joy_controller/share/sct_turtlesim_joy_controller/environment/path.dsv
[11.818s] -- Installing: /home/yildiz/Desktop/forgit/itusct_autonomous/itusct_autonomous_weekly7/weekly7_ws/install/sct_turtlesim_joy_controller/share/sct_turtlesim_joy_controller/local_setup.bash
[11.818s] -- Installing: /home/yildiz/Desktop/forgit/itusct_autonomous/itusct_autonomous_weekly7/weekly7_ws/install/sct_turtlesim_joy_controller/share/sct_turtlesim_joy_controller/local_setup.sh
[11.818s] -- Installing: /home/yildiz/Desktop/forgit/itusct_autonomous/itusct_autonomous_weekly7/weekly7_ws/install/sct_turtlesim_joy_controller/share/sct_turtlesim_joy_controller/local_setup.zsh
[11.818s] -- Installing: /home/yildiz/Desktop/forgit/itusct_autonomous/itusct_autonomous_weekly7/weekly7_ws/install/sct_turtlesim_joy_controller/share/sct_turtlesim_joy_controller/local_setup.dsv
[11.818s] -- Installing: /home/yildiz/Desktop/forgit/itusct_autonomous/itusct_autonomous_weekly7/weekly7_ws/install/sct_turtlesim_joy_controller/share/sct_turtlesim_joy_controller/package.dsv
[11.819s] -- Installing: /home/yildiz/Desktop/forgit/itusct_autonomous/itusct_autonomous_weekly7/weekly7_ws/install/sct_turtlesim_joy_controller/share/ament_index/resource_index/packages/sct_turtlesim_joy_controller
[11.819s] -- Installing: /home/yildiz/Desktop/forgit/itusct_autonomous/itusct_autonomous_weekly7/weekly7_ws/install/sct_turtlesim_joy_controller/share/sct_turtlesim_joy_controller/cmake/sct_turtlesim_joy_controllerConfig.cmake
[11.819s] -- Installing: /home/yildiz/Desktop/forgit/itusct_autonomous/itusct_autonomous_weekly7/weekly7_ws/install/sct_turtlesim_joy_controller/share/sct_turtlesim_joy_controller/cmake/sct_turtlesim_joy_controllerConfig-version.cmake
[11.819s] -- Installing: /home/yildiz/Desktop/forgit/itusct_autonomous/itusct_autonomous_weekly7/weekly7_ws/install/sct_turtlesim_joy_controller/share/sct_turtlesim_joy_controller/package.xml
[11.824s] Invoked command in '/home/yildiz/Desktop/forgit/itusct_autonomous/itusct_autonomous_weekly7/weekly7_ws/build/sct_turtlesim_joy_controller' returned '0': CMAKE_PREFIX_PATH=/opt/ros/humble /home/yildiz/.local/bin/cmake --install /home/yildiz/Desktop/forgit/itusct_autonomous/itusct_autonomous_weekly7/weekly7_ws/build/sct_turtlesim_joy_controller
